#
# There is insufficient memory for the Java Runtime Environment to continue.
# Native memory allocation (malloc) failed to allocate 32744 bytes for Chunk::new
# Possible reasons:
#   The system is out of physical RAM or swap space
#   The process is running with CompressedOops enabled, and the Java Heap may be blocking the growth of the native heap
# Possible solutions:
#   Reduce memory load on the system
#   Increase physical memory or swap space
#   Check if swap backing store is full
#   Decrease Java heap size (-Xmx/-Xms)
#   Decrease number of Java threads
#   Decrease Java thread stack sizes (-Xss)
#   Set larger code cache with -XX:ReservedCodeCacheSize=
#   JVM is running with Zero Based Compressed Oops mode in which the Java heap is
#     placed in the first 32GB address space. The Java Heap base address is the
#     maximum limit for the native heap growth. Please use -XX:HeapBaseMinAddress
#     to set the Java Heap base and to place the Java Heap above 32GB virtual address.
# This output file may be truncated or incomplete.
#
#  Out of Memory Error (arena.cpp:166), pid=112716, tid=113248
#
# JRE version: Java(TM) SE Runtime Environment (21.0+35) (build 21+35-LTS-2513)
# Java VM: Java HotSpot(TM) 64-Bit Server VM (21+35-LTS-2513, mixed mode, tiered, compressed oops, compressed class ptrs, g1 gc, windows-amd64)
# No core dump will be written. Minidumps are not enabled by default on client versions of Windows
#

---------------  S U M M A R Y ------------

Command Line: -agentlib:jdwp=transport=dt_socket,address=127.0.0.1:62668,suspend=y,server=n -javaagent:C:\Users\lcsch\AppData\Local\JetBrains\IntelliJIdea2023.2\captureAgent\debugger-agent.jar -Dfile.encoding=UTF-8 -Dsun.stdout.encoding=UTF-8 -Dsun.stderr.encoding=UTF-8 Main

Host: 12th Gen Intel(R) Core(TM) i7-1255U, 12 cores, 15G,  Windows 10 , 64 bit Build 19041 (10.0.19041.3570)
Time: Thu Nov 16 11:28:18 2023 Europe de l , 64 bit Build 19041 (10.0.19041.3570) elapsed time: 0.362772 seconds (0d 0h 0m 0s)

---------------  T H R E A D  ---------------

Current thread (0x000001fc0f369f50):  JavaThread "C2 CompilerThread0" daemon [_thread_in_native, id=113248, stack(0x00000084aff00000,0x00000084b0000000) (1024K)]


Current CompileTask:
C2:    363  133       4       java.lang.String::hashCode (60 bytes)

Stack: [0x00000084aff00000,0x00000084b0000000]
Native frames: (J=compiled Java code, j=interpreted, Vv=VM code, C=native code)
V  [jvm.dll+0x6c8d39]
V  [jvm.dll+0x854091]
V  [jvm.dll+0x85630e]
V  [jvm.dll+0x8569e3]
V  [jvm.dll+0x2809a6]
V  [jvm.dll+0xc3e6d]
V  [jvm.dll+0xc4383]
V  [jvm.dll+0x6f499e]
V  [jvm.dll+0x1e2076]
V  [jvm.dll+0x249952]
V  [jvm.dll+0x248de1]
V  [jvm.dll+0x1c9b91]
V  [jvm.dll+0x2583e9]
V  [jvm.dll+0x2569ca]
V  [jvm.dll+0x3eef66]
V  [jvm.dll+0x7fd2c8]
V  [jvm.dll+0x6c748d]
C  [ucrtbase.dll+0x21bb2]
C  [KERNEL32.DLL+0x17344]
C  [ntdll.dll+0x526b1]


---------------  P R O C E S S  ---------------

Threads class SMR info:
_java_thread_list=0x000001fc0f573570, length=11, elements={
0x000001fc6fd74fb0, 0x000001fc0f33f8c0, 0x000001fc0f384350, 0x000001fc0f370310,
0x000001fc0f370f20, 0x000001fc0f3722d0, 0x000001fc0f364250, 0x000001fc0f369f50,
0x000001fc0f36b340, 0x000001fc0f4e7850, 0x000001fc0f5da930
}

Java Threads: ( => current thread )
  0x000001fc6fd74fb0 JavaThread "main"                              [_thread_in_Java, id=122008, stack(0x00000084af100000,0x00000084af200000) (1024K)]
  0x000001fc0f33f8c0 JavaThread "Reference Handler"          daemon [_thread_blocked, id=121796, stack(0x00000084af900000,0x00000084afa00000) (1024K)]
  0x000001fc0f384350 JavaThread "Finalizer"                  daemon [_thread_blocked, id=122168, stack(0x00000084afa00000,0x00000084afb00000) (1024K)]
  0x000001fc0f370310 JavaThread "Signal Dispatcher"          daemon [_thread_blocked, id=105840, stack(0x00000084afb00000,0x00000084afc00000) (1024K)]
  0x000001fc0f370f20 JavaThread "Attach Listener"            daemon [_thread_blocked, id=116092, stack(0x00000084afc00000,0x00000084afd00000) (1024K)]
  0x000001fc0f3722d0 JavaThread "Service Thread"             daemon [_thread_blocked, id=110168, stack(0x00000084afd00000,0x00000084afe00000) (1024K)]
  0x000001fc0f364250 JavaThread "Monitor Deflation Thread"   daemon [_thread_blocked, id=128588, stack(0x00000084afe00000,0x00000084aff00000) (1024K)]
=>0x000001fc0f369f50 JavaThread "C2 CompilerThread0"         daemon [_thread_in_native, id=113248, stack(0x00000084aff00000,0x00000084b0000000) (1024K)]
  0x000001fc0f36b340 JavaThread "C1 CompilerThread0"         daemon [_thread_blocked, id=1180, stack(0x00000084b0000000,0x00000084b0100000) (1024K)]
  0x000001fc0f4e7850 JavaThread "Common-Cleaner"             daemon [_thread_blocked, id=116500, stack(0x00000084b0100000,0x00000084b0200000) (1024K)]
  0x000001fc0f5da930 JavaThread "C2 CompilerThread1"         daemon [_thread_in_native, id=114392, stack(0x00000084b0200000,0x00000084b0300000) (1024K)]
Total: 11

Other Threads:
  0x000001fc0f2cada0 VMThread "VM Thread"                           [id=115916, stack(0x00000084af800000,0x00000084af900000) (1024K)]
  0x000001fc0f27a100 WatcherThread "VM Periodic Task Thread"        [id=10520, stack(0x00000084af700000,0x00000084af800000) (1024K)]
  0x000001fc6fddc4b0 WorkerThread "GC Thread#0"                     [id=3868, stack(0x00000084af200000,0x00000084af300000) (1024K)]
  0x000001fc6fded090 ConcurrentGCThread "G1 Main Marker"            [id=112752, stack(0x00000084af300000,0x00000084af400000) (1024K)]
  0x000001fc6fdedb90 WorkerThread "G1 Conc#0"                       [id=22956, stack(0x00000084af400000,0x00000084af500000) (1024K)]
  0x000001fc0f14ad30 ConcurrentGCThread "G1 Refine#0"               [id=12352, stack(0x00000084af500000,0x00000084af600000) (1024K)]
  0x000001fc0f14b550 ConcurrentGCThread "G1 Service"                [id=112784, stack(0x00000084af600000,0x00000084af700000) (1024K)]
Total: 7

Threads with active compile tasks:
C2 CompilerThread0      395  133       4       java.lang.String::hashCode (60 bytes)
Total: 1

VM state: not at safepoint (normal execution)

VM Mutex/Monitor currently owned by a thread: None

Heap address: 0x0000000705a00000, size: 4006 MB, Compressed Oops mode: Zero based, Oop shift amount: 3

CDS archive(s) not mapped
Compressed class space mapped at: 0x0000000800000000-0x0000000840000000, reserved size: 1073741824
Narrow klass base: 0x0000000800000000, Narrow klass shift: 0, Narrow klass range: 0x40000000

GC Precious Log:
 CardTable entry size: 512
 Card Set container configuration: InlinePtr #cards 4 size 8 Array Of Cards #cards 16 size 48 Howl #buckets 8 coarsen threshold 3686 Howl Bitmap #cards 512 size 80 coarsen threshold 460 Card regions per heap region 1 cards per card region 4096
 CPUs: 12 total, 12 available
 Memory: 16016M
 Large Page Support: Disabled
 NUMA Support: Disabled
 Compressed Oops: Enabled (Zero based)
 Heap Region Size: 2M
 Heap Min Capacity: 8M
 Heap Initial Capacity: 252M
 Heap Max Capacity: 4006M
 Pre-touch: Disabled
 Parallel Workers: 10
 Concurrent Workers: 3
 Concurrent Refinement Workers: 10
 Periodic GC: Disabled

Heap:
 garbage-first heap   total 258048K, used 2048K [0x0000000705a00000, 0x0000000800000000)
  region size 2048K, 2 young (4096K), 0 survivors (0K)
 Metaspace       used 5642K, committed 5824K, reserved 1114112K
  class space    used 441K, committed 512K, reserved 1048576K

Heap Regions: E=young(eden), S=young(survivor), O=old, HS=humongous(starts), HC=humongous(continues), CS=collection set, F=free, TAMS=top-at-mark-start, PB=parsable bottom
|   0|0x0000000705a00000, 0x0000000705a00000, 0x0000000705c00000|  0%| F|  |TAMS 0x0000000705a00000| PB 0x0000000705a00000| Untracked 
|   1|0x0000000705c00000, 0x0000000705c00000, 0x0000000705e00000|  0%| F|  |TAMS 0x0000000705c00000| PB 0x0000000705c00000| Untracked 
|   2|0x0000000705e00000, 0x0000000705e00000, 0x0000000706000000|  0%| F|  |TAMS 0x0000000705e00000| PB 0x0000000705e00000| Untracked 
|   3|0x0000000706000000, 0x0000000706000000, 0x0000000706200000|  0%| F|  |TAMS 0x0000000706000000| PB 0x0000000706000000| Untracked 
|   4|0x0000000706200000, 0x0000000706200000, 0x0000000706400000|  0%| F|  |TAMS 0x0000000706200000| PB 0x0000000706200000| Untracked 
|   5|0x0000000706400000, 0x0000000706400000, 0x0000000706600000|  0%| F|  |TAMS 0x0000000706400000| PB 0x0000000706400000| Untracked 
|   6|0x0000000706600000, 0x0000000706600000, 0x0000000706800000|  0%| F|  |TAMS 0x0000000706600000| PB 0x0000000706600000| Untracked 
|   7|0x0000000706800000, 0x0000000706800000, 0x0000000706a00000|  0%| F|  |TAMS 0x0000000706800000| PB 0x0000000706800000| Untracked 
|   8|0x0000000706a00000, 0x0000000706a00000, 0x0000000706c00000|  0%| F|  |TAMS 0x0000000706a00000| PB 0x0000000706a00000| Untracked 
|   9|0x0000000706c00000, 0x0000000706c00000, 0x0000000706e00000|  0%| F|  |TAMS 0x0000000706c00000| PB 0x0000000706c00000| Untracked 
|  10|0x0000000706e00000, 0x0000000706e00000, 0x0000000707000000|  0%| F|  |TAMS 0x0000000706e00000| PB 0x0000000706e00000| Untracked 
|  11|0x0000000707000000, 0x0000000707000000, 0x0000000707200000|  0%| F|  |TAMS 0x0000000707000000| PB 0x0000000707000000| Untracked 
|  12|0x0000000707200000, 0x0000000707200000, 0x0000000707400000|  0%| F|  |TAMS 0x0000000707200000| PB 0x0000000707200000| Untracked 
|  13|0x0000000707400000, 0x0000000707400000, 0x0000000707600000|  0%| F|  |TAMS 0x0000000707400000| PB 0x0000000707400000| Untracked 
|  14|0x0000000707600000, 0x0000000707600000, 0x0000000707800000|  0%| F|  |TAMS 0x0000000707600000| PB 0x0000000707600000| Untracked 
|  15|0x0000000707800000, 0x0000000707800000, 0x0000000707a00000|  0%| F|  |TAMS 0x0000000707800000| PB 0x0000000707800000| Untracked 
|  16|0x0000000707a00000, 0x0000000707a00000, 0x0000000707c00000|  0%| F|  |TAMS 0x0000000707a00000| PB 0x0000000707a00000| Untracked 
|  17|0x0000000707c00000, 0x0000000707c00000, 0x0000000707e00000|  0%| F|  |TAMS 0x0000000707c00000| PB 0x0000000707c00000| Untracked 
|  18|0x0000000707e00000, 0x0000000707e00000, 0x0000000708000000|  0%| F|  |TAMS 0x0000000707e00000| PB 0x0000000707e00000| Untracked 
|  19|0x0000000708000000, 0x0000000708000000, 0x0000000708200000|  0%| F|  |TAMS 0x0000000708000000| PB 0x0000000708000000| Untracked 
|  20|0x0000000708200000, 0x0000000708200000, 0x0000000708400000|  0%| F|  |TAMS 0x0000000708200000| PB 0x0000000708200000| Untracked 
|  21|0x0000000708400000, 0x0000000708400000, 0x0000000708600000|  0%| F|  |TAMS 0x0000000708400000| PB 0x0000000708400000| Untracked 
|  22|0x0000000708600000, 0x0000000708600000, 0x0000000708800000|  0%| F|  |TAMS 0x0000000708600000| PB 0x0000000708600000| Untracked 
|  23|0x0000000708800000, 0x0000000708800000, 0x0000000708a00000|  0%| F|  |TAMS 0x0000000708800000| PB 0x0000000708800000| Untracked 
|  24|0x0000000708a00000, 0x0000000708a00000, 0x0000000708c00000|  0%| F|  |TAMS 0x0000000708a00000| PB 0x0000000708a00000| Untracked 
|  25|0x0000000708c00000, 0x0000000708c00000, 0x0000000708e00000|  0%| F|  |TAMS 0x0000000708c00000| PB 0x0000000708c00000| Untracked 
|  26|0x0000000708e00000, 0x0000000708e00000, 0x0000000709000000|  0%| F|  |TAMS 0x0000000708e00000| PB 0x0000000708e00000| Untracked 
|  27|0x0000000709000000, 0x0000000709000000, 0x0000000709200000|  0%| F|  |TAMS 0x0000000709000000| PB 0x0000000709000000| Untracked 
|  28|0x0000000709200000, 0x0000000709200000, 0x0000000709400000|  0%| F|  |TAMS 0x0000000709200000| PB 0x0000000709200000| Untracked 
|  29|0x0000000709400000, 0x0000000709400000, 0x0000000709600000|  0%| F|  |TAMS 0x0000000709400000| PB 0x0000000709400000| Untracked 
|  30|0x0000000709600000, 0x0000000709600000, 0x0000000709800000|  0%| F|  |TAMS 0x0000000709600000| PB 0x0000000709600000| Untracked 
|  31|0x0000000709800000, 0x0000000709800000, 0x0000000709a00000|  0%| F|  |TAMS 0x0000000709800000| PB 0x0000000709800000| Untracked 
|  32|0x0000000709a00000, 0x0000000709a00000, 0x0000000709c00000|  0%| F|  |TAMS 0x0000000709a00000| PB 0x0000000709a00000| Untracked 
|  33|0x0000000709c00000, 0x0000000709c00000, 0x0000000709e00000|  0%| F|  |TAMS 0x0000000709c00000| PB 0x0000000709c00000| Untracked 
|  34|0x0000000709e00000, 0x0000000709e00000, 0x000000070a000000|  0%| F|  |TAMS 0x0000000709e00000| PB 0x0000000709e00000| Untracked 
|  35|0x000000070a000000, 0x000000070a000000, 0x000000070a200000|  0%| F|  |TAMS 0x000000070a000000| PB 0x000000070a000000| Untracked 
|  36|0x000000070a200000, 0x000000070a200000, 0x000000070a400000|  0%| F|  |TAMS 0x000000070a200000| PB 0x000000070a200000| Untracked 
|  37|0x000000070a400000, 0x000000070a400000, 0x000000070a600000|  0%| F|  |TAMS 0x000000070a400000| PB 0x000000070a400000| Untracked 
|  38|0x000000070a600000, 0x000000070a600000, 0x000000070a800000|  0%| F|  |TAMS 0x000000070a600000| PB 0x000000070a600000| Untracked 
|  39|0x000000070a800000, 0x000000070a800000, 0x000000070aa00000|  0%| F|  |TAMS 0x000000070a800000| PB 0x000000070a800000| Untracked 
|  40|0x000000070aa00000, 0x000000070aa00000, 0x000000070ac00000|  0%| F|  |TAMS 0x000000070aa00000| PB 0x000000070aa00000| Untracked 
|  41|0x000000070ac00000, 0x000000070ac00000, 0x000000070ae00000|  0%| F|  |TAMS 0x000000070ac00000| PB 0x000000070ac00000| Untracked 
|  42|0x000000070ae00000, 0x000000070ae00000, 0x000000070b000000|  0%| F|  |TAMS 0x000000070ae00000| PB 0x000000070ae00000| Untracked 
|  43|0x000000070b000000, 0x000000070b000000, 0x000000070b200000|  0%| F|  |TAMS 0x000000070b000000| PB 0x000000070b000000| Untracked 
|  44|0x000000070b200000, 0x000000070b200000, 0x000000070b400000|  0%| F|  |TAMS 0x000000070b200000| PB 0x000000070b200000| Untracked 
|  45|0x000000070b400000, 0x000000070b400000, 0x000000070b600000|  0%| F|  |TAMS 0x000000070b400000| PB 0x000000070b400000| Untracked 
|  46|0x000000070b600000, 0x000000070b600000, 0x000000070b800000|  0%| F|  |TAMS 0x000000070b600000| PB 0x000000070b600000| Untracked 
|  47|0x000000070b800000, 0x000000070b800000, 0x000000070ba00000|  0%| F|  |TAMS 0x000000070b800000| PB 0x000000070b800000| Untracked 
|  48|0x000000070ba00000, 0x000000070ba00000, 0x000000070bc00000|  0%| F|  |TAMS 0x000000070ba00000| PB 0x000000070ba00000| Untracked 
|  49|0x000000070bc00000, 0x000000070bc00000, 0x000000070be00000|  0%| F|  |TAMS 0x000000070bc00000| PB 0x000000070bc00000| Untracked 
|  50|0x000000070be00000, 0x000000070be00000, 0x000000070c000000|  0%| F|  |TAMS 0x000000070be00000| PB 0x000000070be00000| Untracked 
|  51|0x000000070c000000, 0x000000070c000000, 0x000000070c200000|  0%| F|  |TAMS 0x000000070c000000| PB 0x000000070c000000| Untracked 
|  52|0x000000070c200000, 0x000000070c200000, 0x000000070c400000|  0%| F|  |TAMS 0x000000070c200000| PB 0x000000070c200000| Untracked 
|  53|0x000000070c400000, 0x000000070c400000, 0x000000070c600000|  0%| F|  |TAMS 0x000000070c400000| PB 0x000000070c400000| Untracked 
|  54|0x000000070c600000, 0x000000070c600000, 0x000000070c800000|  0%| F|  |TAMS 0x000000070c600000| PB 0x000000070c600000| Untracked 
|  55|0x000000070c800000, 0x000000070c800000, 0x000000070ca00000|  0%| F|  |TAMS 0x000000070c800000| PB 0x000000070c800000| Untracked 
|  56|0x000000070ca00000, 0x000000070ca00000, 0x000000070cc00000|  0%| F|  |TAMS 0x000000070ca00000| PB 0x000000070ca00000| Untracked 
|  57|0x000000070cc00000, 0x000000070cc00000, 0x000000070ce00000|  0%| F|  |TAMS 0x000000070cc00000| PB 0x000000070cc00000| Untracked 
|  58|0x000000070ce00000, 0x000000070ce00000, 0x000000070d000000|  0%| F|  |TAMS 0x000000070ce00000| PB 0x000000070ce00000| Untracked 
|  59|0x000000070d000000, 0x000000070d000000, 0x000000070d200000|  0%| F|  |TAMS 0x000000070d000000| PB 0x000000070d000000| Untracked 
|  60|0x000000070d200000, 0x000000070d200000, 0x000000070d400000|  0%| F|  |TAMS 0x000000070d200000| PB 0x000000070d200000| Untracked 
|  61|0x000000070d400000, 0x000000070d400000, 0x000000070d600000|  0%| F|  |TAMS 0x000000070d400000| PB 0x000000070d400000| Untracked 
|  62|0x000000070d600000, 0x000000070d600000, 0x000000070d800000|  0%| F|  |TAMS 0x000000070d600000| PB 0x000000070d600000| Untracked 
|  63|0x000000070d800000, 0x000000070d800000, 0x000000070da00000|  0%| F|  |TAMS 0x000000070d800000| PB 0x000000070d800000| Untracked 
|  64|0x000000070da00000, 0x000000070da00000, 0x000000070dc00000|  0%| F|  |TAMS 0x000000070da00000| PB 0x000000070da00000| Untracked 
|  65|0x000000070dc00000, 0x000000070dc00000, 0x000000070de00000|  0%| F|  |TAMS 0x000000070dc00000| PB 0x000000070dc00000| Untracked 
|  66|0x000000070de00000, 0x000000070de00000, 0x000000070e000000|  0%| F|  |TAMS 0x000000070de00000| PB 0x000000070de00000| Untracked 
|  67|0x000000070e000000, 0x000000070e000000, 0x000000070e200000|  0%| F|  |TAMS 0x000000070e000000| PB 0x000000070e000000| Untracked 
|  68|0x000000070e200000, 0x000000070e200000, 0x000000070e400000|  0%| F|  |TAMS 0x000000070e200000| PB 0x000000070e200000| Untracked 
|  69|0x000000070e400000, 0x000000070e400000, 0x000000070e600000|  0%| F|  |TAMS 0x000000070e400000| PB 0x000000070e400000| Untracked 
|  70|0x000000070e600000, 0x000000070e600000, 0x000000070e800000|  0%| F|  |TAMS 0x000000070e600000| PB 0x000000070e600000| Untracked 
|  71|0x000000070e800000, 0x000000070e800000, 0x000000070ea00000|  0%| F|  |TAMS 0x000000070e800000| PB 0x000000070e800000| Untracked 
|  72|0x000000070ea00000, 0x000000070ea00000, 0x000000070ec00000|  0%| F|  |TAMS 0x000000070ea00000| PB 0x000000070ea00000| Untracked 
|  73|0x000000070ec00000, 0x000000070ec00000, 0x000000070ee00000|  0%| F|  |TAMS 0x000000070ec00000| PB 0x000000070ec00000| Untracked 
|  74|0x000000070ee00000, 0x000000070ee00000, 0x000000070f000000|  0%| F|  |TAMS 0x000000070ee00000| PB 0x000000070ee00000| Untracked 
|  75|0x000000070f000000, 0x000000070f000000, 0x000000070f200000|  0%| F|  |TAMS 0x000000070f000000| PB 0x000000070f000000| Untracked 
|  76|0x000000070f200000, 0x000000070f200000, 0x000000070f400000|  0%| F|  |TAMS 0x000000070f200000| PB 0x000000070f200000| Untracked 
|  77|0x000000070f400000, 0x000000070f400000, 0x000000070f600000|  0%| F|  |TAMS 0x000000070f400000| PB 0x000000070f400000| Untracked 
|  78|0x000000070f600000, 0x000000070f600000, 0x000000070f800000|  0%| F|  |TAMS 0x000000070f600000| PB 0x000000070f600000| Untracked 
|  79|0x000000070f800000, 0x000000070f800000, 0x000000070fa00000|  0%| F|  |TAMS 0x000000070f800000| PB 0x000000070f800000| Untracked 
|  80|0x000000070fa00000, 0x000000070fa00000, 0x000000070fc00000|  0%| F|  |TAMS 0x000000070fa00000| PB 0x000000070fa00000| Untracked 
|  81|0x000000070fc00000, 0x000000070fc00000, 0x000000070fe00000|  0%| F|  |TAMS 0x000000070fc00000| PB 0x000000070fc00000| Untracked 
|  82|0x000000070fe00000, 0x000000070fe00000, 0x0000000710000000|  0%| F|  |TAMS 0x000000070fe00000| PB 0x000000070fe00000| Untracked 
|  83|0x0000000710000000, 0x0000000710000000, 0x0000000710200000|  0%| F|  |TAMS 0x0000000710000000| PB 0x0000000710000000| Untracked 
|  84|0x0000000710200000, 0x0000000710200000, 0x0000000710400000|  0%| F|  |TAMS 0x0000000710200000| PB 0x0000000710200000| Untracked 
|  85|0x0000000710400000, 0x0000000710400000, 0x0000000710600000|  0%| F|  |TAMS 0x0000000710400000| PB 0x0000000710400000| Untracked 
|  86|0x0000000710600000, 0x0000000710600000, 0x0000000710800000|  0%| F|  |TAMS 0x0000000710600000| PB 0x0000000710600000| Untracked 
|  87|0x0000000710800000, 0x0000000710800000, 0x0000000710a00000|  0%| F|  |TAMS 0x0000000710800000| PB 0x0000000710800000| Untracked 
|  88|0x0000000710a00000, 0x0000000710a00000, 0x0000000710c00000|  0%| F|  |TAMS 0x0000000710a00000| PB 0x0000000710a00000| Untracked 
|  89|0x0000000710c00000, 0x0000000710c00000, 0x0000000710e00000|  0%| F|  |TAMS 0x0000000710c00000| PB 0x0000000710c00000| Untracked 
|  90|0x0000000710e00000, 0x0000000710e00000, 0x0000000711000000|  0%| F|  |TAMS 0x0000000710e00000| PB 0x0000000710e00000| Untracked 
|  91|0x0000000711000000, 0x0000000711000000, 0x0000000711200000|  0%| F|  |TAMS 0x0000000711000000| PB 0x0000000711000000| Untracked 
|  92|0x0000000711200000, 0x0000000711200000, 0x0000000711400000|  0%| F|  |TAMS 0x0000000711200000| PB 0x0000000711200000| Untracked 
|  93|0x0000000711400000, 0x0000000711400000, 0x0000000711600000|  0%| F|  |TAMS 0x0000000711400000| PB 0x0000000711400000| Untracked 
|  94|0x0000000711600000, 0x0000000711600000, 0x0000000711800000|  0%| F|  |TAMS 0x0000000711600000| PB 0x0000000711600000| Untracked 
|  95|0x0000000711800000, 0x0000000711800000, 0x0000000711a00000|  0%| F|  |TAMS 0x0000000711800000| PB 0x0000000711800000| Untracked 
|  96|0x0000000711a00000, 0x0000000711a00000, 0x0000000711c00000|  0%| F|  |TAMS 0x0000000711a00000| PB 0x0000000711a00000| Untracked 
|  97|0x0000000711c00000, 0x0000000711c00000, 0x0000000711e00000|  0%| F|  |TAMS 0x0000000711c00000| PB 0x0000000711c00000| Untracked 
|  98|0x0000000711e00000, 0x0000000711e00000, 0x0000000712000000|  0%| F|  |TAMS 0x0000000711e00000| PB 0x0000000711e00000| Untracked 
|  99|0x0000000712000000, 0x0000000712000000, 0x0000000712200000|  0%| F|  |TAMS 0x0000000712000000| PB 0x0000000712000000| Untracked 
| 100|0x0000000712200000, 0x0000000712200000, 0x0000000712400000|  0%| F|  |TAMS 0x0000000712200000| PB 0x0000000712200000| Untracked 
| 101|0x0000000712400000, 0x0000000712400000, 0x0000000712600000|  0%| F|  |TAMS 0x0000000712400000| PB 0x0000000712400000| Untracked 
| 102|0x0000000712600000, 0x0000000712600000, 0x0000000712800000|  0%| F|  |TAMS 0x0000000712600000| PB 0x0000000712600000| Untracked 
| 103|0x0000000712800000, 0x0000000712800000, 0x0000000712a00000|  0%| F|  |TAMS 0x0000000712800000| PB 0x0000000712800000| Untracked 
| 104|0x0000000712a00000, 0x0000000712a00000, 0x0000000712c00000|  0%| F|  |TAMS 0x0000000712a00000| PB 0x0000000712a00000| Untracked 
| 105|0x0000000712c00000, 0x0000000712c00000, 0x0000000712e00000|  0%| F|  |TAMS 0x0000000712c00000| PB 0x0000000712c00000| Untracked 
| 106|0x0000000712e00000, 0x0000000712e00000, 0x0000000713000000|  0%| F|  |TAMS 0x0000000712e00000| PB 0x0000000712e00000| Untracked 
| 107|0x0000000713000000, 0x0000000713000000, 0x0000000713200000|  0%| F|  |TAMS 0x0000000713000000| PB 0x0000000713000000| Untracked 
| 108|0x0000000713200000, 0x0000000713200000, 0x0000000713400000|  0%| F|  |TAMS 0x0000000713200000| PB 0x0000000713200000| Untracked 
| 109|0x0000000713400000, 0x0000000713400000, 0x0000000713600000|  0%| F|  |TAMS 0x0000000713400000| PB 0x0000000713400000| Untracked 
| 110|0x0000000713600000, 0x0000000713600000, 0x0000000713800000|  0%| F|  |TAMS 0x0000000713600000| PB 0x0000000713600000| Untracked 
| 111|0x0000000713800000, 0x0000000713800000, 0x0000000713a00000|  0%| F|  |TAMS 0x0000000713800000| PB 0x0000000713800000| Untracked 
| 112|0x0000000713a00000, 0x0000000713a00000, 0x0000000713c00000|  0%| F|  |TAMS 0x0000000713a00000| PB 0x0000000713a00000| Untracked 
| 113|0x0000000713c00000, 0x0000000713c00000, 0x0000000713e00000|  0%| F|  |TAMS 0x0000000713c00000| PB 0x0000000713c00000| Untracked 
| 114|0x0000000713e00000, 0x0000000713e00000, 0x0000000714000000|  0%| F|  |TAMS 0x0000000713e00000| PB 0x0000000713e00000| Untracked 
| 115|0x0000000714000000, 0x0000000714000000, 0x0000000714200000|  0%| F|  |TAMS 0x0000000714000000| PB 0x0000000714000000| Untracked 
| 116|0x0000000714200000, 0x0000000714200000, 0x0000000714400000|  0%| F|  |TAMS 0x0000000714200000| PB 0x0000000714200000| Untracked 
| 117|0x0000000714400000, 0x0000000714400000, 0x0000000714600000|  0%| F|  |TAMS 0x0000000714400000| PB 0x0000000714400000| Untracked 
| 118|0x0000000714600000, 0x0000000714600000, 0x0000000714800000|  0%| F|  |TAMS 0x0000000714600000| PB 0x0000000714600000| Untracked 
| 119|0x0000000714800000, 0x0000000714800000, 0x0000000714a00000|  0%| F|  |TAMS 0x0000000714800000| PB 0x0000000714800000| Untracked 
| 120|0x0000000714a00000, 0x0000000714a00000, 0x0000000714c00000|  0%| F|  |TAMS 0x0000000714a00000| PB 0x0000000714a00000| Untracked 
| 121|0x0000000714c00000, 0x0000000714c00000, 0x0000000714e00000|  0%| F|  |TAMS 0x0000000714c00000| PB 0x0000000714c00000| Untracked 
| 122|0x0000000714e00000, 0x0000000714e00000, 0x0000000715000000|  0%| F|  |TAMS 0x0000000714e00000| PB 0x0000000714e00000| Untracked 
| 123|0x0000000715000000, 0x0000000715000000, 0x0000000715200000|  0%| F|  |TAMS 0x0000000715000000| PB 0x0000000715000000| Untracked 
| 124|0x0000000715200000, 0x0000000715352768, 0x0000000715400000| 66%| E|  |TAMS 0x0000000715200000| PB 0x0000000715200000| Complete 
| 125|0x0000000715400000, 0x0000000715600000, 0x0000000715600000|100%| E|CS|TAMS 0x0000000715400000| PB 0x0000000715400000| Complete 

Card table byte_map: [0x000001fc78f10000,0x000001fc796f0000] _byte_map_base: 0x000001fc756e3000

Marking Bits: (CMBitMap*) 0x000001fc6fddcbb0
 Bits: [0x000001fc796f0000, 0x000001fc7d588000)

Polling page: 0x000001fc6dd80000

Metaspace:

Usage:
  Non-class:      5.17 MB used.
      Class:    446.57 KB used.
       Both:      5.60 MB used.

Virtual space:
  Non-class space:       64.00 MB reserved,       5.25 MB (  8%) committed,  1 nodes.
      Class space:        1.00 GB reserved,     512.00 KB ( <1%) committed,  1 nodes.
             Both:        1.06 GB reserved,       5.75 MB ( <1%) committed. 

Chunk freelists:
   Non-Class:  10.50 MB
       Class:  15.56 MB
        Both:  26.06 MB

MaxMetaspaceSize: unlimited
CompressedClassSpaceSize: 1.00 GB
Initial GC threshold: 21.00 MB
Current GC threshold: 21.00 MB
CDS: off
 - commit_granule_bytes: 65536.
 - commit_granule_words: 8192.
 - virtual_space_node_default_size: 8388608.
 - enlarge_chunks_in_place: 1.
 - use_allocation_guard: 0.


Internal statistics:

num_allocs_failed_limit: 0.
num_arena_births: 6.
num_arena_deaths: 0.
num_vsnodes_births: 2.
num_vsnodes_deaths: 0.
num_space_committed: 92.
num_space_uncommitted: 0.
num_chunks_returned_to_freelist: 0.
num_chunks_taken_from_freelist: 11.
num_chunk_merges: 0.
num_chunk_splits: 6.
num_chunks_enlarged: 2.
num_inconsistent_stats: 0.

CodeHeap 'non-profiled nmethods': size=120000Kb used=54Kb max_used=54Kb free=119945Kb
 bounds [0x000001fc07ad0000, 0x000001fc07d40000, 0x000001fc0f000000]
CodeHeap 'profiled nmethods': size=120000Kb used=211Kb max_used=211Kb free=119788Kb
 bounds [0x000001fc00000000, 0x000001fc00270000, 0x000001fc07530000]
CodeHeap 'non-nmethods': size=5760Kb used=1304Kb max_used=1316Kb free=4455Kb
 bounds [0x000001fc07530000, 0x000001fc077a0000, 0x000001fc07ad0000]
 total_blobs=542 nmethods=179 adapters=268
 compilation: enabled
              stopped_count=0, restarted_count=0
 full_count=0

Compilation events (20 events):
Event: 0.354 Thread 0x000001fc0f36b340  127       3       java.lang.module.ModuleDescriptor$Exports::isQualified (18 bytes)
Event: 0.354 Thread 0x000001fc0f36b340 nmethod 127 0x000001fc00026710 code [0x000001fc000268c0, 0x000001fc00026b00]
Event: 0.354 Thread 0x000001fc0f36b340  119       1       java.lang.module.ModuleDescriptor::isAutomatic (5 bytes)
Event: 0.354 Thread 0x000001fc0f36b340 nmethod 119 0x000001fc07ad8c10 code [0x000001fc07ad8da0, 0x000001fc07ad8e70]
Event: 0.354 Thread 0x000001fc0f36b340  126       3       java.util.ImmutableCollections$SetN::isEmpty (13 bytes)
Event: 0.355 Thread 0x000001fc0f369f50  129       4       java.util.HashMap::afterNodeInsertion (1 bytes)
Event: 0.355 Thread 0x000001fc0f36b340 nmethod 126 0x000001fc00026c10 code [0x000001fc00026da0, 0x000001fc00026f10]
Event: 0.355 Thread 0x000001fc0f36b340  125       1       java.lang.module.ModuleDescriptor$Exports::source (5 bytes)
Event: 0.355 Thread 0x000001fc0f36b340 nmethod 125 0x000001fc07ad8f10 code [0x000001fc07ad90a0, 0x000001fc07ad9170]
Event: 0.355 Thread 0x000001fc0f36b340  128       3       java.util.ImmutableCollections$Set12::contains (28 bytes)
Event: 0.355 Thread 0x000001fc0f369f50 nmethod 129 0x000001fc07ad9210 code [0x000001fc07ad93a0, 0x000001fc07ad9428]
Event: 0.355 Thread 0x000001fc0f36b340 nmethod 128 0x000001fc00026f90 code [0x000001fc00027160, 0x000001fc000274c0]
Event: 0.355 Thread 0x000001fc0f36b340  130       3       java.util.HashMap::putIfAbsent (13 bytes)
Event: 0.355 Thread 0x000001fc0f36b340 nmethod 130 0x000001fc00027610 code [0x000001fc000277e0, 0x000001fc00027af0]
Event: 0.356 Thread 0x000001fc0f36b340  131       3       java.util.ImmutableCollections$SetN::contains (26 bytes)
Event: 0.356 Thread 0x000001fc0f369f50  133       4       java.lang.String::hashCode (60 bytes)
Event: 0.356 Thread 0x000001fc0f36b340 nmethod 131 0x000001fc00027c10 code [0x000001fc00027de0, 0x000001fc00028138]
Event: 0.356 Thread 0x000001fc0f36b340  132       3       java.lang.Object::equals (11 bytes)
Event: 0.356 Thread 0x000001fc0f36b340 nmethod 132 0x000001fc00028290 code [0x000001fc00028420, 0x000001fc00028588]
Event: 0.357 Thread 0x000001fc0f36b340  134       3       java.util.HashMap::resize (356 bytes)

GC Heap History (0 events):
No events

Dll operation events (3 events):
Event: 0.026 Loaded shared library C:\Program Files\Java\jdk-21\bin\java.dll
Event: 0.028 Loaded shared library C:\Program Files\Java\jdk-21\bin\zip.dll
Event: 0.181 Loaded shared library C:\Program Files\Java\jdk-21\bin\jsvml.dll

Deoptimization events (0 events):
No events

Classes loaded (20 events):
Event: 0.343 Loading class java/lang/ModuleLayer
Event: 0.344 Loading class java/lang/ModuleLayer done
Event: 0.344 Loading class java/util/HashMap$Values
Event: 0.344 Loading class java/util/HashMap$Values done
Event: 0.345 Loading class java/util/HashMap$ValueIterator
Event: 0.345 Loading class java/util/HashMap$ValueIterator done
Event: 0.345 Loading class java/util/LinkedHashSet
Event: 0.346 Loading class java/util/SequencedSet
Event: 0.346 Loading class java/util/SequencedSet done
Event: 0.346 Loading class java/util/LinkedHashSet done
Event: 0.346 Loading class java/util/LinkedHashMap
Event: 0.347 Loading class java/util/SequencedMap
Event: 0.348 Loading class java/util/SequencedMap done
Event: 0.348 Loading class java/util/LinkedHashMap done
Event: 0.350 Loading class java/util/Collections$UnmodifiableCollection$1
Event: 0.350 Loading class java/util/Collections$UnmodifiableCollection$1 done
Event: 0.350 Loading class jdk/internal/module/ModuleReferenceImpl$CachedHash
Event: 0.351 Loading class jdk/internal/module/ModuleReferenceImpl$CachedHash done
Event: 0.351 Loading class java/lang/module/ResolvedModule
Event: 0.351 Loading class java/lang/module/ResolvedModule done

Classes unloaded (0 events):
No events

Classes redefined (0 events):
No events

Internal exceptions (0 events):
No events

ZGC Phase Switch (0 events):
No events

VM Operations (2 events):
Event: 0.348 Executing VM operation: HandshakeAllThreads (Deoptimize)
Event: 0.348 Executing VM operation: HandshakeAllThreads (Deoptimize) done

Events (10 events):
Event: 0.043 Thread 0x000001fc6fd74fb0 Thread added: 0x000001fc6fd74fb0
Event: 0.174 Thread 0x000001fc0f33f8c0 Thread added: 0x000001fc0f33f8c0
Event: 0.174 Thread 0x000001fc0f384350 Thread added: 0x000001fc0f384350
Event: 0.177 Thread 0x000001fc0f370310 Thread added: 0x000001fc0f370310
Event: 0.177 Thread 0x000001fc0f370f20 Thread added: 0x000001fc0f370f20
Event: 0.177 Thread 0x000001fc0f3722d0 Thread added: 0x000001fc0f3722d0
Event: 0.177 Thread 0x000001fc0f364250 Thread added: 0x000001fc0f364250
Event: 0.177 Thread 0x000001fc0f369f50 Thread added: 0x000001fc0f369f50
Event: 0.178 Thread 0x000001fc0f36b340 Thread added: 0x000001fc0f36b340
Event: 0.314 Thread 0x000001fc0f4e7850 Thread added: 0x000001fc0f4e7850


Dynamic libraries:
0x00007ff770560000 - 0x00007ff770570000 	C:\Program Files\Java\jdk-21\bin\java.exe
0x00007ffe6b230000 - 0x00007ffe6b427000 	C:\windows\SYSTEM32\ntdll.dll
0x00007ffe696e0000 - 0x00007ffe6979d000 	C:\windows\System32\KERNEL32.DLL
0x00007ffe68960000 - 0x00007ffe68c56000 	C:\windows\System32\KERNELBASE.dll
0x00007ffe69060000 - 0x00007ffe69160000 	C:\windows\System32\ucrtbase.dll
0x00007ffe4cc20000 - 0x00007ffe4cc39000 	C:\Program Files\Java\jdk-21\bin\jli.dll
0x00007ffe54320000 - 0x00007ffe5433b000 	C:\Program Files\Java\jdk-21\bin\VCRUNTIME140.dll
0x00007ffe69370000 - 0x00007ffe6941e000 	C:\windows\System32\ADVAPI32.dll
0x00007ffe695e0000 - 0x00007ffe6967e000 	C:\windows\System32\msvcrt.dll
0x00007ffe69f50000 - 0x00007ffe69fec000 	C:\windows\System32\sechost.dll
0x00007ffe69ff0000 - 0x00007ffe6a116000 	C:\windows\System32\RPCRT4.dll
0x00007ffe69420000 - 0x00007ffe695be000 	C:\windows\System32\USER32.dll
0x00007ffe68c60000 - 0x00007ffe68c82000 	C:\windows\System32\win32u.dll
0x00007ffe6aa60000 - 0x00007ffe6aa8c000 	C:\windows\System32\GDI32.dll
0x00007ffe68ea0000 - 0x00007ffe68fba000 	C:\windows\System32\gdi32full.dll
0x00007ffe53fc0000 - 0x00007ffe5425a000 	C:\windows\WinSxS\amd64_microsoft.windows.common-controls_6595b64144ccf1df_6.0.19041.3570_none_60bb2a3971f3e41a\COMCTL32.dll
0x00007ffe68fc0000 - 0x00007ffe6905d000 	C:\windows\System32\msvcp_win.dll
0x00007ffe60890000 - 0x00007ffe6089a000 	C:\windows\SYSTEM32\VERSION.dll
0x00007ffe69a00000 - 0x00007ffe69a30000 	C:\windows\System32\IMM32.DLL
0x00007ffe63e20000 - 0x00007ffe63e2c000 	C:\Program Files\Java\jdk-21\bin\vcruntime140_1.dll
0x00007ffe3dcc0000 - 0x00007ffe3dd4e000 	C:\Program Files\Java\jdk-21\bin\msvcp140.dll
0x00007ffe1f950000 - 0x00007ffe20663000 	C:\Program Files\Java\jdk-21\bin\server\jvm.dll
0x00007ffe69ed0000 - 0x00007ffe69f3b000 	C:\windows\System32\WS2_32.dll
0x00007ffe580d0000 - 0x00007ffe580f7000 	C:\windows\SYSTEM32\WINMM.dll
0x00007ffe68770000 - 0x00007ffe687bb000 	C:\windows\SYSTEM32\POWRPROF.dll
0x00007ffe68750000 - 0x00007ffe68762000 	C:\windows\SYSTEM32\UMPDC.dll
0x00007ffe67100000 - 0x00007ffe67112000 	C:\windows\SYSTEM32\kernel.appcore.dll
0x00007ffe62a80000 - 0x00007ffe62a8a000 	C:\Program Files\Java\jdk-21\bin\jimage.dll
0x00007ffe66540000 - 0x00007ffe66724000 	C:\windows\SYSTEM32\DBGHELP.DLL
0x00007ffe4ade0000 - 0x00007ffe4ae14000 	C:\windows\SYSTEM32\dbgcore.DLL
0x00007ffe69200000 - 0x00007ffe69282000 	C:\windows\System32\bcryptPrimitives.dll
0x00007ffe3ee70000 - 0x00007ffe3eeac000 	C:\Program Files\Java\jdk-21\bin\jdwp.dll
0x00007ffe4b960000 - 0x00007ffe4b96f000 	C:\Program Files\Java\jdk-21\bin\instrument.dll
0x00007ffe4cc00000 - 0x00007ffe4cc1f000 	C:\Program Files\Java\jdk-21\bin\java.dll
0x00007ffe42970000 - 0x00007ffe42988000 	C:\Program Files\Java\jdk-21\bin\zip.dll
0x00007ffe6a180000 - 0x00007ffe6a8c4000 	C:\windows\System32\SHELL32.dll
0x00007ffe66950000 - 0x00007ffe670eb000 	C:\windows\SYSTEM32\windows.storage.dll
0x00007ffe69b70000 - 0x00007ffe69ec4000 	C:\windows\System32\combase.dll
0x00007ffe681a0000 - 0x00007ffe681cd000 	C:\windows\SYSTEM32\Wldp.dll
0x00007ffe69ab0000 - 0x00007ffe69b5d000 	C:\windows\System32\SHCORE.dll
0x00007ffe6abb0000 - 0x00007ffe6ac05000 	C:\windows\System32\shlwapi.dll
0x00007ffe68840000 - 0x00007ffe68865000 	C:\windows\SYSTEM32\profapi.dll
0x00007ffe34c10000 - 0x00007ffe34ce7000 	C:\Program Files\Java\jdk-21\bin\jsvml.dll

dbghelp: loaded successfully - version: 4.0.5 - missing functions: none
symbol engine: initialized successfully - sym options: 0x614 - pdb path: .;C:\Program Files\Java\jdk-21\bin;C:\windows\SYSTEM32;C:\windows\WinSxS\amd64_microsoft.windows.common-controls_6595b64144ccf1df_6.0.19041.3570_none_60bb2a3971f3e41a;C:\Program Files\Java\jdk-21\bin\server

VM Arguments:
jvm_args: -agentlib:jdwp=transport=dt_socket,address=127.0.0.1:62668,suspend=y,server=n -javaagent:C:\Users\lcsch\AppData\Local\JetBrains\IntelliJIdea2023.2\captureAgent\debugger-agent.jar -Dfile.encoding=UTF-8 -Dsun.stdout.encoding=UTF-8 -Dsun.stderr.encoding=UTF-8 
java_command: Main
java_class_path (initial): C:\Users\lcsch\OneDrive - HESSO\Semestre3\DAI\dai-lab-smtp\code\dai-lab-smtp\untitled\out\production\untitled;C:\Program Files\JetBrains\IntelliJ IDEA 2023.2.2\lib\idea_rt.jar
Launcher Type: SUN_STANDARD

[Global flags]
     intx CICompilerCount                          = 4                                         {product} {ergonomic}
     uint ConcGCThreads                            = 3                                         {product} {ergonomic}
     uint G1ConcRefinementThreads                  = 10                                        {product} {ergonomic}
   size_t G1HeapRegionSize                         = 2097152                                   {product} {ergonomic}
    uintx GCDrainStackTargetSize                   = 64                                        {product} {ergonomic}
   size_t InitialHeapSize                          = 264241152                                 {product} {ergonomic}
   size_t MarkStackSize                            = 4194304                                   {product} {ergonomic}
   size_t MaxHeapSize                              = 4200595456                                {product} {ergonomic}
   size_t MaxNewSize                               = 2518679552                                {product} {ergonomic}
   size_t MinHeapDeltaBytes                        = 2097152                                   {product} {ergonomic}
   size_t MinHeapSize                              = 8388608                                   {product} {ergonomic}
    uintx NonNMethodCodeHeapSize                   = 5839372                                {pd product} {ergonomic}
    uintx NonProfiledCodeHeapSize                  = 122909434                              {pd product} {ergonomic}
    uintx ProfiledCodeHeapSize                     = 122909434                              {pd product} {ergonomic}
    uintx ReservedCodeCacheSize                    = 251658240                              {pd product} {ergonomic}
     bool SegmentedCodeCache                       = true                                      {product} {ergonomic}
   size_t SoftMaxHeapSize                          = 4200595456                             {manageable} {ergonomic}
     bool UseCompressedOops                        = true                           {product lp64_product} {ergonomic}
     bool UseG1GC                                  = true                                      {product} {ergonomic}
     bool UseLargePagesIndividualAllocation        = false                                  {pd product} {ergonomic}

Logging:
Log output configuration:
 #0: stdout all=warning uptime,level,tags foldmultilines=false
 #1: stderr all=off uptime,level,tags foldmultilines=false

Environment Variables:
PATH=C:\Program Files\Common Files\Oracle\Java\javapath;C:\Program Files (x86)\Common Files\Oracle\Java\javapath;C:\Program Files (x86)\VMware\VMware Player\bin\;C:\windows\system32;C:\windows;C:\windows\System32\Wbem;C:\windows\System32\WindowsPowerShell\v1.0\;C:\windows\System32\OpenSSH\;C:\Program Files\dotnet\;C:\Program Files\Git\cmd;C:\Program Files (x86)\GnuWin32\bin;C:\Program Files\CMake\bin;C:\Program Files\Docker\Docker\resources\bin;C:\Users\lcsch\AppData\Local\Microsoft\WindowsApps;C:\mingw64\bin;C:\Users\lcsch\AppData\Local\Programs\Microsoft VS Code\bin;C:\Users\lcsch\.dotnet\tools;C:\Users\lcsch\AppData\Local\JetBrains\Toolbox\scripts;C:\Users\lcsch\AppData\Local\JetBrains\Toolbox\apps\CLion\ch-0\223.8617.54\bin;C:\Qt\Tools\QtCreator\bin;C:\Qt\6.5.2\mingw_64\bin;C:\Program Files\JetBrains\IntelliJ IDEA 2023.2.2\bin;;C:\apache-maven-3.9.4\bin;;C:\Program Files\JetBrains\DataGrip 2023.2.2\bin;;C:\Program Files (x86)\Nmap
USERNAME=lcsch
OS=Windows_NT
PROCESSOR_IDENTIFIER=Intel64 Family 6 Model 154 Stepping 4, GenuineIntel
TMP=C:\Users\lcsch\AppData\Local\Temp
TEMP=C:\Users\lcsch\AppData\Local\Temp




---------------  S Y S T E M  ---------------

OS:
 Windows 10 , 64 bit Build 19041 (10.0.19041.3570)
OS uptime: 5 days 20:30 hours
Hyper-V role detected

CPU: total 12 (initial active 12) (6 cores per cpu, 2 threads per core) family 6 model 154 stepping 4 microcode 0x42c, cx8, cmov, fxsr, ht, mmx, 3dnowpref, sse, sse2, sse3, ssse3, sse4.1, sse4.2, popcnt, lzcnt, tsc, tscinvbit, avx, avx2, aes, erms, clmul, bmi1, bmi2, adx, sha, fma, vzeroupper, clflush, clflushopt, clwb, hv, rdtscp, rdpid, fsrm, f16c, cet_ibt, cet_ss
Processor Information for processor 0
  Max Mhz: 1700, Current Mhz: 1700, Mhz Limit: 1190
Processor Information for processor 1
  Max Mhz: 1700, Current Mhz: 1700, Mhz Limit: 1190
Processor Information for processor 2
  Max Mhz: 1700, Current Mhz: 1700, Mhz Limit: 1700
Processor Information for processor 3
  Max Mhz: 1700, Current Mhz: 1700, Mhz Limit: 1700
Processor Information for processor 4
  Max Mhz: 1700, Current Mhz: 1200, Mhz Limit: 1190
Processor Information for processor 5
  Max Mhz: 1700, Current Mhz: 1200, Mhz Limit: 1190
Processor Information for processor 6
  Max Mhz: 1700, Current Mhz: 1200, Mhz Limit: 1190
Processor Information for processor 7
  Max Mhz: 1700, Current Mhz: 1200, Mhz Limit: 1190
Processor Information for processor 8
  Max Mhz: 1700, Current Mhz: 1200, Mhz Limit: 1190
Processor Information for processor 9
  Max Mhz: 1700, Current Mhz: 1200, Mhz Limit: 1190
Processor Information for processor 10
  Max Mhz: 1700, Current Mhz: 1200, Mhz Limit: 1190
Processor Information for processor 11
  Max Mhz: 1700, Current Mhz: 1200, Mhz Limit: 1190

Memory: 4k page, system-wide physical 16016M (2467M free)
TotalPageFile size 65168M (AvailPageFile size 0M)
current process WorkingSet (physical memory assigned to process): 31M, peak: 31M
current process commit charge ("private bytes"): 334M, peak: 334M

vm_info: Java HotSpot(TM) 64-Bit Server VM (21+35-LTS-2513) for windows-amd64 JRE (21+35-LTS-2513), built on 2023-08-09T20:25:10Z by "mach5one" with MS VC++ 17.1 (VS2022)

END.
